🧱👑🧱 C13B0 CASTLE SWEEPER START 20251223_055441
🧱🔍🧱 SCANNING FOR REPOS...
🧱📊🧱 FOUND 1335 REPOS

🧱🏗️🧱 [1/1335] REPO -> c13b0_cart_mongoose_factory
🧱✔️🧱 NO CHANGES NEEDED

🧱🏗️🧱 [2/1335] REPO -> c13b0_cart_finish_paypal_no_webhook
🧱✔️🧱 NO CHANGES NEEDED

🧱🏗️🧱 [3/1335] REPO -> c13b0_cart_mongoose_recover_sweep_fix
🧱✔️🧱 NO CHANGES NEEDED

🧱🏗️🧱 [4/1335] REPO -> c13b0_cart_017_paypal_webhook_ledger_20251221_101249
🧱✔️🧱 NO CHANGES NEEDED

🧱🏗️🧱 [5/1335] REPO -> c13b0_cart_016_payment_split_ledger_20251221_100334
🧱✔️🧱 NO CHANGES NEEDED

🧱🏗️🧱 [6/1335] REPO -> c13b0_cart_016_payment_split_ledger_20251221_100020
🧱✔️🧱 NO CHANGES NEEDED

🧱🏗️🧱 [7/1335] REPO -> c13b0_cart_015_paypal_buy_now_20251221_094949
🧱✔️🧱 NO CHANGES NEEDED

🧱🏗️🧱 [8/1335] REPO -> c13b0_cart_013_token_owned_spa_20251221_093734
🧱✔️🧱 NO CHANGES NEEDED

🧱🏗️🧱 [9/1335] REPO -> c13b0_cart_013_token_owned_spa_20251221_093114
🧱✔️🧱 NO CHANGES NEEDED

🧱🏗️🧱 [10/1335] REPO -> c13b0_cart_011_live_page_assembler_20251221_091848
🧱✔️🧱 NO CHANGES NEEDED

🧱🏗️🧱 [11/1335] REPO -> c13b0_cart_010_world_map_20251221_091450
🧱✔️🧱 NO CHANGES NEEDED

🧱🏗️🧱 [12/1335] REPO -> c13b0_cart_010_world_map_20251221_091127
🧱✔️🧱 NO CHANGES NEEDED

🧱🏗️🧱 [13/1335] REPO -> c13b0_cart_009_master_index_aggregator_20251221_091115
🧱✔️🧱 NO CHANGES NEEDED

🧱🏗️🧱 [14/1335] REPO -> c13b0_cart_009_master_index_aggregator_20251221_090750
🧱✔️🧱 NO CHANGES NEEDED

🧱🏗️🧱 [15/1335] REPO -> c13b0_cart_009_master_index_aggregator_20251221_090650
🧱✔️🧱 NO CHANGES NEEDED

🧱🏗️🧱 [16/1335] REPO -> infinity-brain-111
🧱👰🧱 PIXIE_LOCK ACTIVE — READ ONLY

🧱🏗️🧱 [17/1335] REPO -> c13b0_cart_009_master_index_aggregator_20251221_090650
🧱✔️🧱 NO CHANGES NEEDED

🧱🏗️🧱 [18/1335] REPO -> c13b0_cart_009_master_index_aggregator_20251221_090750
🧱✔️🧱 NO CHANGES NEEDED

🧱🏗️🧱 [19/1335] REPO -> c13b0_cart_009_master_index_aggregator_20251221_091115
🧱✔️🧱 NO CHANGES NEEDED

🧱🏗️🧱 [20/1335] REPO -> c13b0_cart_010_world_map_20251221_091127
🧱✔️🧱 NO CHANGES NEEDED

🧱🏗️🧱 [21/1335] REPO -> c13b0_cart_010_world_map_20251221_091450
🧱✔️🧱 NO CHANGES NEEDED

🧱🏗️🧱 [22/1335] REPO -> c13b0_cart_011_live_page_assembler_20251221_091848
🧱✔️🧱 NO CHANGES NEEDED

🧱🏗️🧱 [23/1335] REPO -> c13b0_cart_013_token_owned_spa_20251221_093114
🧱✔️🧱 NO CHANGES NEEDED

🧱🏗️🧱 [24/1335] REPO -> c13b0_cart_013_token_owned_spa_20251221_093734
🧱✔️🧱 NO CHANGES NEEDED

🧱🏗️🧱 [25/1335] REPO -> c13b0_cart_015_paypal_buy_now_20251221_094949
🧱✔️🧱 NO CHANGES NEEDED

🧱🏗️🧱 [26/1335] REPO -> c13b0_cart_016_payment_split_ledger_20251221_100020
🧱✔️🧱 NO CHANGES NEEDED

🧱🏗️🧱 [27/1335] REPO -> c13b0_cart_016_payment_split_ledger_20251221_100334
🧱✔️🧱 NO CHANGES NEEDED

🧱🏗️🧱 [28/1335] REPO -> c13b0_cart_017_paypal_webhook_ledger_20251221_101249
🧱✔️🧱 NO CHANGES NEEDED

🧱🏗️🧱 [29/1335] REPO -> c13b0_cart_mongoose_recover_sweep_fix
🧱✔️🧱 NO CHANGES NEEDED

🧱🏗️🧱 [30/1335] REPO -> c13b0_cart_finish_paypal_no_webhook
🧱✔️🧱 NO CHANGES NEEDED

🧱🏗️🧱 [31/1335] REPO -> c13b0_cart_mongoose_factory
🧱✔️🧱 NO CHANGES NEEDED

🧱🏗️🧱 [32/1335] REPO -> c13b0_cart_008_ecosystem_overlay_20251221_090211
🧱✔️🧱 NO CHANGES NEEDED

🧱🏗️🧱 [33/1335] REPO -> c13b0_cart_007_permission_gate_20251221_085224
🧱✔️🧱 NO CHANGES NEEDED

🧱🏗️🧱 [34/1335] REPO -> c13b0_cart_005_voice_to_intent_20251221_084529
🧱✔️🧱 NO CHANGES NEEDED

🧱🏗️🧱 [35/1335] REPO -> c13b0_cart_005_voice_to_intent_20251221_083551
🧱✔️🧱 NO CHANGES NEEDED

🧱🏗️🧱 [36/1335] REPO -> c13b0_cart_003_intent_to_piece_20251221_083218
🧱✔️🧱 NO CHANGES NEEDED

🧱🏗️🧱 [37/1335] REPO -> c13b0_cart_003_intent_to_piece_20251221_083020
🧱✔️🧱 NO CHANGES NEEDED

🧱🏗️🧱 [38/1335] REPO -> c13b0_cart_002_self_tokenizing_core_20251221_082845
🧱✔️🧱 NO CHANGES NEEDED

🧱🏗️🧱 [39/1335] REPO -> c13b0_cart_001_pewpi_login_20251221_082812
🧱📦🧱 BACKUP -> index.html.bak_20251223_055441
🧱➕🧱 HEADER ADDED -> index.html
🧱📦🧱 BACKUP -> index.html.bak_20251223_055441
🧱➕🧱 HEADER ADDED -> index.html
🧱🔑🧱 CREATED pewpi-login.js
🧱⚠️🧱 PUSH FAILED (non-fatal)
🧱🚀🧱 COMMITTED & PUSHED

🧱🏗️🧱 [40/1335] REPO -> c13b0_cart_001_pewpi_login_20251221_082500
🧱📦🧱 BACKUP -> index.html.bak_20251223_055441
🧱➕🧱 HEADER ADDED -> index.html
🧱📦🧱 BACKUP -> index.html.bak_20251223_055441
🧱➕🧱 HEADER ADDED -> index.html
🧱🔑🧱 CREATED pewpi-login.js
🧱⚠️🧱 PUSH FAILED (non-fatal)
🧱🚀🧱 COMMITTED & PUSHED

🧱🏗️🧱 [41/1335] REPO -> infinity-brain-111
🧱👰🧱 PIXIE_LOCK ACTIVE — READ ONLY

🧱🏗️🧱 [42/1335] REPO -> real_infinity_miner__20251221_071546
🧱📦🧱 BACKUP -> index.html.bak_20251223_055441
🧱➕🧱 HEADER ADDED -> index.html
🧱📦🧱 BACKUP -> index.html.bak_20251223_055441
🧱➕🧱 HEADER ADDED -> index.html
🧱🔑🧱 CREATED pewpi-login.js
🧱⚠️🧱 PUSH FAILED (non-fatal)
🧱🚀🧱 COMMITTED & PUSHED

🧱🏗️🧱 [43/1335] REPO -> real_btc_miner__20251221_071546
🧱📦🧱 BACKUP -> index.html.bak_20251223_055441
🧱➕🧱 HEADER ADDED -> index.html
🧱📦🧱 BACKUP -> index.html.bak_20251223_055441
🧱➕🧱 HEADER ADDED -> index.html
🧱🔑🧱 CREATED pewpi-login.js
🧱⚠️🧱 PUSH FAILED (non-fatal)
🧱🚀🧱 COMMITTED & PUSHED

🧱🏗️🧱 [44/1335] REPO -> cart_safe_push__20251221_071546
🧱📦🧱 BACKUP -> index.html.bak_20251223_055441
🧱➕🧱 HEADER ADDED -> index.html
🧱📦🧱 BACKUP -> index.html.bak_20251223_055441
🧱➕🧱 HEADER ADDED -> index.html
🧱🔑🧱 CREATED pewpi-login.js
🧱⚠️🧱 PUSH FAILED (non-fatal)
🧱🚀🧱 COMMITTED & PUSHED

