🧱 c13b0 sweeper started @ 2025-12-23T10:45:42Z
🧱 Using HTTPS (non-interactive)

🧱 [1] Processing quantum_transport_quantum_vectors
✅ SWEPT → quantum_transport_quantum_vectors (docs)  ∞ $109

🧱 [2] Processing quantum_transport_quantum_helium
✅ SWEPT → quantum_transport_quantum_helium (docs)  ∞ $109

🧱 [3] Processing quantum_transport_quantum
✅ SWEPT → quantum_transport_quantum (docs)  ∞ $109

🧱 [4] Processing quantum_transport_helium_diodes
✅ SWEPT → quantum_transport_helium_diodes (docs)  ∞ $109

🧱 [5] Processing quantum_transport_helium
✅ SWEPT → quantum_transport_helium (docs)  ∞ $109

🧱 [6] Processing quantum_transport_electron_tunneling
✅ SWEPT → quantum_transport_electron_tunneling (docs)  ∞ $109

🧱 [7] Processing c13b0-cube-003
✅ SWEPT → c13b0-cube-003 (docs)  ∞ $109

🧱 [8] Processing pewpi-emoji-login
✅ SWEPT → pewpi-emoji-login (mixed)  ∞ $109

🧱 [9] Processing diodes_electron_tunneling
✅ SWEPT → diodes_electron_tunneling (docs)  ∞ $109

🧱 [10] Processing diodes_helium
✅ SWEPT → diodes_helium (docs)  ∞ $109

🧱 [11] Processing diodes_helium_diodes
